<?xml version="1.0" encoding="UTF-8"?>
<!-- Generated by org.testng.reporters.JUnitReportReporter -->
<testsuite skipped="0" hostname="ecrmac-100510.local" name="tests.InvoiceTest" tests="1" failures="0" timestamp="04 Oct 2018 14:14:54 GMT" time="22.867" errors="0">
  <testcase name="autenticainvoice" time="22.867" classname="tests.InvoiceTest"/>
</testsuite> <!-- tests.InvoiceTest -->
