<?xml version="1.0" encoding="UTF-8"?>
<!-- Generated by org.testng.reporters.JUnitReportReporter -->
<testsuite skipped="0" hostname="ecrmac-100510.local" name="reports.ExtentReportsClass" tests="1" failures="0" timestamp="03 Oct 2018 19:40:41 GMT" time="0.205" errors="0">
  <testcase name="passTest" time="0.205" classname="reports.ExtentReportsClass"/>
</testsuite> <!-- reports.ExtentReportsClass -->
