<?xml version="1.0" encoding="UTF-8"?>
<!-- Generated by org.testng.reporters.JUnitReportReporter -->
<testsuite skipped="0" hostname="ecrmac-100510.local" name="tests.InvoiceTest" tests="1" failures="0" timestamp="03 Oct 2018 21:05:16 GMT" time="40.701" errors="0">
  <testcase name="autenticainvoice" time="40.701" classname="tests.InvoiceTest"/>
</testsuite> <!-- tests.InvoiceTest -->
