<?xml version="1.0" encoding="UTF-8"?>
<!-- Generated by org.testng.reporters.JUnitReportReporter -->
<testsuite skipped="0" hostname="ecrmac-100510.local" name="tests.InvoiceTest" tests="1" failures="0" timestamp="09 Oct 2018 12:08:51 GMT" time="42.134" errors="0">
  <testcase name="autenticainvoice" time="42.134" classname="tests.InvoiceTest"/>
</testsuite> <!-- tests.InvoiceTest -->
