<?xml version="1.0" encoding="UTF-8"?>
<!-- Generated by org.testng.reporters.JUnitReportReporter -->
<testsuite skipped="0" hostname="ecrmac-100510.local" name="tests.InvoiceTest" tests="1" failures="0" timestamp="08 Oct 2018 19:20:51 GMT" time="36.688" errors="0">
  <testcase name="autenticainvoice" time="36.688" classname="tests.InvoiceTest"/>
</testsuite> <!-- tests.InvoiceTest -->
