<?xml version="1.0" encoding="UTF-8"?>
<!-- Generated by org.testng.reporters.JUnitReportReporter -->
<testsuite skipped="0" hostname="ecrmac-100510.local" name="tests.login" tests="5" failures="0" timestamp="28 Sep 2018 20:00:30 GMT" time="100.821" errors="0">
  <testcase name="autenticaFalha" time="22.132" classname="tests.login"/>
  <testcase name="autenticaFalha" time="17.891" classname="tests.login"/>
  <testcase name="loginComSucesso" time="16.745" classname="tests.login"/>
  <testcase name="autenticaFalha" time="24.904" classname="tests.login"/>
  <testcase name="autenticaFalha" time="19.149" classname="tests.login"/>
</testsuite> <!-- tests.login -->
