<?xml version="1.0" encoding="UTF-8"?>
<!-- Generated by org.testng.reporters.JUnitReportReporter -->
<testsuite skipped="0" hostname="ecrmac-100510.local" name="tests.Login" tests="5" failures="0" timestamp="04 Oct 2018 14:20:31 GMT" time="102.604" errors="0">
  <testcase name="loginComSucesso" time="19.146" classname="tests.Login"/>
  <testcase name="autenticaFalha" time="20.256" classname="tests.Login"/>
  <testcase name="autenticaFalha" time="23.063" classname="tests.Login"/>
  <testcase name="autenticaFalha" time="23.659" classname="tests.Login"/>
  <testcase name="autenticaFalha" time="16.480" classname="tests.Login"/>
</testsuite> <!-- tests.Login -->
