<?xml version="1.0" encoding="UTF-8"?>
<!-- Generated by org.testng.reporters.JUnitReportReporter -->
<testsuite skipped="0" hostname="ecrmac-100510.local" name="tests.InvoiceTest" tests="1" failures="0" timestamp="04 Oct 2018 17:51:39 GMT" time="40.925" errors="0">
  <testcase name="autenticainvoice" time="40.925" classname="tests.InvoiceTest"/>
</testsuite> <!-- tests.InvoiceTest -->
