<?xml version="1.0" encoding="UTF-8"?>
<!-- Generated by org.testng.reporters.JUnitReportReporter -->
<testsuite skipped="0" hostname="ecrmac-100510.local" name="tests.Login" tests="5" failures="0" timestamp="03 Oct 2018 21:03:40 GMT" time="88.726" errors="0">
  <testcase name="loginComSucesso" time="16.075" classname="tests.Login"/>
  <testcase name="autenticaFalha" time="11.561" classname="tests.Login"/>
  <testcase name="autenticaFalha" time="17.700" classname="tests.Login"/>
  <testcase name="autenticaFalha" time="22.668" classname="tests.Login"/>
  <testcase name="autenticaFalha" time="20.722" classname="tests.Login"/>
</testsuite> <!-- tests.Login -->
