<?xml version="1.0" encoding="UTF-8"?>
<!-- Generated by org.testng.reporters.JUnitReportReporter -->
<testsuite skipped="0" hostname="ecrmac-100510.local" name="tests.Login" tests="5" failures="0" timestamp="11 Oct 2018 15:09:35 GMT" time="82.724" errors="0">
  <testcase name="loginComSucesso" time="16.514" classname="tests.Login"/>
  <testcase name="autenticaFalha" time="17.945" classname="tests.Login"/>
  <testcase name="autenticaFalha" time="14.813" classname="tests.Login"/>
  <testcase name="autenticaFalha" time="17.701" classname="tests.Login"/>
  <testcase name="autenticaFalha" time="15.751" classname="tests.Login"/>
</testsuite> <!-- tests.Login -->
