<?xml version="1.0" encoding="UTF-8"?>
<!-- Generated by org.testng.reporters.JUnitReportReporter -->
<testsuite skipped="0" hostname="ecrmac-100510.local" name="tests.Login" tests="5" failures="0" timestamp="08 Oct 2018 19:17:27 GMT" time="89.893" errors="0">
  <testcase name="loginComSucesso" time="17.848" classname="tests.Login"/>
  <testcase name="autenticaFalha" time="14.655" classname="tests.Login"/>
  <testcase name="autenticaFalha" time="17.800" classname="tests.Login"/>
  <testcase name="autenticaFalha" time="19.103" classname="tests.Login"/>
  <testcase name="autenticaFalha" time="20.487" classname="tests.Login"/>
</testsuite> <!-- tests.Login -->
